platforms/android/app/build/outputs/logs/manifest-merger-release-report.txt
-- Merging decision tree log ---
manifest
ADDED from src\main\AndroidManifest.xml:2:1-15:12
INJECTED from src\main\AndroidManifest.xml:2:1-15:12
INJECTED from src\main\AndroidManifest.xml:2:1-15:12
INJECTED from src\main\AndroidManifest.xml:2:1-15:12
MERGED from [com.twitter.sdk.android:twitter:1.4.0] AndroidManifest.xml:2:1-11:12
MERGED from [com.twitter.sdk.android:tweet-ui:1.1.0] AndroidManifest.xml:2:1-13:12
MERGED from [com.android.support:support-v4:21.0.0] AndroidManifest.xml:14:4-17:12
MERGED from [:CordovaLib] AndroidManifest.xml:20:1-27:12
MERGED from [com.twitter.sdk.android:tweet-composer:0.7.3] AndroidManifest.xml:2:1-13:12
MERGED from [com.digits.sdk.android:digits:1.4.0] AndroidManifest.xml:2:1-101:12
MERGED from [com.twitter.sdk.android:twitter-core:1.3.2] AndroidManifest.xml:2:1-26:12
MERGED from [io.fabric.sdk.android:fabric:1.3.0] AndroidManifest.xml:2:1-11:12
MERGED from [com.twitter.cobalt:performance-metrics:0.2.0] AndroidManifest.xml:2:1-11:12
INJECTED from src\main\AndroidManifest.xml:2:1-15:12
INJECTED from src\main\AndroidManifest.xml:2:1-15:12
INJECTED from src\main\AndroidManifest.xml:2:1-15:12
	package
		ADDED from src\main\AndroidManifest.xml:2:98-128
		INJECTED from src\main\AndroidManifest.xml
		INJECTED from src\main\AndroidManifest.xml
	android:versionName
		ADDED from src\main\AndroidManifest.xml:2:70-97
		INJECTED from src\main\AndroidManifest.xml
		INJECTED from src\main\AndroidManifest.xml
	android:hardwareAccelerated
		ADDED from src\main\AndroidManifest.xml:2:11-45
	xmlns:android
		ADDED from src\main\AndroidManifest.xml:2:129-187
	android:versionCode
		ADDED from src\main\AndroidManifest.xml:2:46-69
		INJECTED from src\main\AndroidManifest.xml
		INJECTED from src\main\AndroidManifest.xml
supports-screens
ADDED from src\main\AndroidManifest.xml:3:5-191
	android:largeScreens
		ADDED from src\main\AndroidManifest.xml:3:49-76
	android:smallScreens
		ADDED from src\main\AndroidManifest.xml:3:132-159
	android:normalScreens
		ADDED from src\main\AndroidManifest.xml:3:77-105
	android:xlargeScreens
		ADDED from src\main\AndroidManifest.xml:3:160-188
	android:resizeable
		ADDED from src\main\AndroidManifest.xml:3:106-131
	android:anyDensity
		ADDED from src\main\AndroidManifest.xml:3:23-48
uses-permission#android.permission.INTERNET
ADDED from src\main\AndroidManifest.xml:4:5-67
MERGED from [com.twitter.sdk.android:tweet-ui:1.1.0] AndroidManifest.xml:9:5-67
MERGED from [com.twitter.sdk.android:tweet-ui:1.1.0] AndroidManifest.xml:9:5-67
MERGED from [com.twitter.sdk.android:tweet-composer:0.7.3] AndroidManifest.xml:9:5-67
MERGED from [com.twitter.sdk.android:tweet-composer:0.7.3] AndroidManifest.xml:9:5-67
MERGED from [com.digits.sdk.android:digits:1.4.0] AndroidManifest.xml:9:5-67
MERGED from [com.digits.sdk.android:digits:1.4.0] AndroidManifest.xml:9:5-67
MERGED from [com.twitter.sdk.android:twitter-core:1.3.2] AndroidManifest.xml:9:5-67
MERGED from [com.twitter.sdk.android:twitter-core:1.3.2] AndroidManifest.xml:9:5-67
	android:name
		ADDED from src\main\AndroidManifest.xml:4:22-64
application
ADDED from src\main\AndroidManifest.xml:5:5-13:19
MERGED from [com.twitter.sdk.android:twitter:1.4.0] AndroidManifest.xml:9:5-20
MERGED from [com.twitter.sdk.android:twitter:1.4.0] AndroidManifest.xml:9:5-20
MERGED from [com.twitter.sdk.android:tweet-ui:1.1.0] AndroidManifest.xml:11:5-20
MERGED from [com.twitter.sdk.android:tweet-ui:1.1.0] AndroidManifest.xml:11:5-20
MERGED from [com.android.support:support-v4:21.0.0] AndroidManifest.xml:16:5-19
MERGED from [com.android.support:support-v4:21.0.0] AndroidManifest.xml:16:5-19
MERGED from [com.twitter.sdk.android:tweet-composer:0.7.3] AndroidManifest.xml:11:5-20
MERGED from [com.twitter.sdk.android:tweet-composer:0.7.3] AndroidManifest.xml:11:5-20
MERGED from [com.digits.sdk.android:digits:1.4.0] AndroidManifest.xml:11:5-99:19
MERGED from [com.digits.sdk.android:digits:1.4.0] AndroidManifest.xml:11:5-99:19
MERGED from [com.twitter.sdk.android:twitter-core:1.3.2] AndroidManifest.xml:11:5-24:19
MERGED from [com.twitter.sdk.android:twitter-core:1.3.2] AndroidManifest.xml:11:5-24:19
MERGED from [io.fabric.sdk.android:fabric:1.3.0] AndroidManifest.xml:9:5-20
MERGED from [io.fabric.sdk.android:fabric:1.3.0] AndroidManifest.xml:9:5-20
MERGED from [com.twitter.cobalt:performance-metrics:0.2.0] AndroidManifest.xml:9:5-20
MERGED from [com.twitter.cobalt:performance-metrics:0.2.0] AndroidManifest.xml:9:5-20
	android:supportsRtl
		ADDED from src\main\AndroidManifest.xml:5:114-140
	android:label
		ADDED from src\main\AndroidManifest.xml:5:81-113
	android:hardwareAccelerated
		ADDED from src\main\AndroidManifest.xml:5:18-52
	android:icon
		ADDED from src\main\AndroidManifest.xml:5:53-80
activity#com.test.news_circle.MainActivity
ADDED from src\main\AndroidManifest.xml:6:9-11:20
	android:label
		ADDED from src\main\AndroidManifest.xml:6:97-134
	android:launchMode
		ADDED from src\main\AndroidManifest.xml:6:135-165
	android:windowSoftInputMode
		ADDED from src\main\AndroidManifest.xml:6:257-299
	android:configChanges
		ADDED from src\main\AndroidManifest.xml:6:19-96
	android:theme
		ADDED from src\main\AndroidManifest.xml:6:194-256
	android:name
		ADDED from src\main\AndroidManifest.xml:6:166-193
intent-filter#android.intent.action.MAIN+android.intent.category.LAUNCHER
ADDED from src\main\AndroidManifest.xml:7:13-10:29
	android:label
		ADDED from src\main\AndroidManifest.xml:7:28-65
action#android.intent.action.MAIN
ADDED from src\main\AndroidManifest.xml:8:17-69
	android:name
		ADDED from src\main\AndroidManifest.xml:8:25-66
category#android.intent.category.LAUNCHER
ADDED from src\main\AndroidManifest.xml:9:17-77
	android:name
		ADDED from src\main\AndroidManifest.xml:9:27-74
meta-data#io.fabric.ApiKey
ADDED from src\main\AndroidManifest.xml:12:9-111
	android:value
		ADDED from src\main\AndroidManifest.xml:12:52-108
	android:name
		ADDED from src\main\AndroidManifest.xml:12:20-51
uses-sdk
ADDED from src\main\AndroidManifest.xml:14:5-74
INJECTED from src\main\AndroidManifest.xml:14:5-74
MERGED from [com.twitter.sdk.android:twitter:1.4.0] AndroidManifest.xml:7:5-43
MERGED from [com.twitter.sdk.android:twitter:1.4.0] AndroidManifest.xml:7:5-43
MERGED from [com.twitter.sdk.android:tweet-ui:1.1.0] AndroidManifest.xml:7:5-43
MERGED from [com.twitter.sdk.android:tweet-ui:1.1.0] AndroidManifest.xml:7:5-43
MERGED from [com.android.support:support-v4:21.0.0] AndroidManifest.xml:15:5-42
MERGED from [com.android.support:support-v4:21.0.0] AndroidManifest.xml:15:5-42
MERGED from [:CordovaLib] AndroidManifest.xml:25:5-44
MERGED from [:CordovaLib] AndroidManifest.xml:25:5-44
MERGED from [com.twitter.sdk.android:tweet-composer:0.7.3] AndroidManifest.xml:7:5-43
MERGED from [com.twitter.sdk.android:tweet-composer:0.7.3] AndroidManifest.xml:7:5-43
MERGED from [com.digits.sdk.android:digits:1.4.0] AndroidManifest.xml:7:5-43
MERGED from [com.digits.sdk.android:digits:1.4.0] AndroidManifest.xml:7:5-43
MERGED from [com.twitter.sdk.android:twitter-core:1.3.2] AndroidManifest.xml:7:5-43
MERGED from [com.twitter.sdk.android:twitter-core:1.3.2] AndroidManifest.xml:7:5-43
MERGED from [io.fabric.sdk.android:fabric:1.3.0] AndroidManifest.xml:7:5-43
MERGED from [io.fabric.sdk.android:fabric:1.3.0] AndroidManifest.xml:7:5-43
MERGED from [com.twitter.cobalt:performance-metrics:0.2.0] AndroidManifest.xml:5:5-7:41
MERGED from [com.twitter.cobalt:performance-metrics:0.2.0] AndroidManifest.xml:5:5-7:41
INJECTED from src\main\AndroidManifest.xml:14:5-74
	android:targetSdkVersion
		ADDED from src\main\AndroidManifest.xml:14:42-71
	android:minSdkVersion
		ADDED from src\main\AndroidManifest.xml:14:15-41
		INJECTED from src\main\AndroidManifest.xml
		INJECTED from src\main\AndroidManifest.xml
activity#com.digits.sdk.android.PhoneNumberActivity
ADDED from [com.digits.sdk.android:digits:1.4.0] AndroidManifest.xml:12:9-18:58
	android:excludeFromRecents
		ADDED from [com.digits.sdk.android:digits:1.4.0] AndroidManifest.xml:15:13-46
	android:windowSoftInputMode
		ADDED from [com.digits.sdk.android:digits:1.4.0] AndroidManifest.xml:18:13-55
	android:exported
		ADDED from [com.digits.sdk.android:digits:1.4.0] AndroidManifest.xml:16:13-37
	android:configChanges
		ADDED from [com.digits.sdk.android:digits:1.4.0] AndroidManifest.xml:14:13-59
	android:taskAffinity
		ADDED from [com.digits.sdk.android:digits:1.4.0] AndroidManifest.xml:17:13-58
	android:name
		ADDED from [com.digits.sdk.android:digits:1.4.0] AndroidManifest.xml:13:13-70
activity#com.digits.sdk.android.ConfirmationCodeActivity
ADDED from [com.digits.sdk.android:digits:1.4.0] AndroidManifest.xml:19:9-25:58
	android:excludeFromRecents
		ADDED from [com.digits.sdk.android:digits:1.4.0] AndroidManifest.xml:22:13-46
	android:windowSoftInputMode
		ADDED from [com.digits.sdk.android:digits:1.4.0] AndroidManifest.xml:25:13-55
	android:exported
		ADDED from [com.digits.sdk.android:digits:1.4.0] AndroidManifest.xml:23:13-37
	android:configChanges
		ADDED from [com.digits.sdk.android:digits:1.4.0] AndroidManifest.xml:21:13-59
	android:taskAffinity
		ADDED from [com.digits.sdk.android:digits:1.4.0] AndroidManifest.xml:24:13-58
	android:name
		ADDED from [com.digits.sdk.android:digits:1.4.0] AndroidManifest.xml:20:13-75
activity#com.digits.sdk.android.LoginCodeActivity
ADDED from [com.digits.sdk.android:digits:1.4.0] AndroidManifest.xml:26:9-33:58
	android:excludeFromRecents
		ADDED from [com.digits.sdk.android:digits:1.4.0] AndroidManifest.xml:29:13-46
	android:launchMode
		ADDED from [com.digits.sdk.android:digits:1.4.0] AndroidManifest.xml:31:13-43
	android:windowSoftInputMode
		ADDED from [com.digits.sdk.android:digits:1.4.0] AndroidManifest.xml:33:13-55
	android:exported
		ADDED from [com.digits.sdk.android:digits:1.4.0] AndroidManifest.xml:30:13-37
	android:configChanges
		ADDED from [com.digits.sdk.android:digits:1.4.0] AndroidManifest.xml:28:13-59
	android:taskAffinity
		ADDED from [com.digits.sdk.android:digits:1.4.0] AndroidManifest.xml:32:13-58
	android:name
		ADDED from [com.digits.sdk.android:digits:1.4.0] AndroidManifest.xml:27:13-68
activity#com.digits.sdk.android.PinCodeActivity
ADDED from [com.digits.sdk.android:digits:1.4.0] AndroidManifest.xml:34:9-41:58
	android:excludeFromRecents
		ADDED from [com.digits.sdk.android:digits:1.4.0] AndroidManifest.xml:37:13-46
	android:launchMode
		ADDED from [com.digits.sdk.android:digits:1.4.0] AndroidManifest.xml:39:13-43
	android:windowSoftInputMode
		ADDED from [com.digits.sdk.android:digits:1.4.0] AndroidManifest.xml:41:13-55
	android:exported
		ADDED from [com.digits.sdk.android:digits:1.4.0] AndroidManifest.xml:38:13-37
	android:configChanges
		ADDED from [com.digits.sdk.android:digits:1.4.0] AndroidManifest.xml:36:13-59
	android:taskAffinity
		ADDED from [com.digits.sdk.android:digits:1.4.0] AndroidManifest.xml:40:13-58
	android:name
		ADDED from [com.digits.sdk.android:digits:1.4.0] AndroidManifest.xml:35:13-66
activity#com.digits.sdk.android.FailureActivity
ADDED from [com.digits.sdk.android:digits:1.4.0] AndroidManifest.xml:42:9-47:61
	android:excludeFromRecents
		ADDED from [com.digits.sdk.android:digits:1.4.0] AndroidManifest.xml:45:13-46
	android:exported
		ADDED from [com.digits.sdk.android:digits:1.4.0] AndroidManifest.xml:46:13-37
	android:configChanges
		ADDED from [com.digits.sdk.android:digits:1.4.0] AndroidManifest.xml:44:13-59
	android:taskAffinity
		ADDED from [com.digits.sdk.android:digits:1.4.0] AndroidManifest.xml:47:13-58
	android:name
		ADDED from [com.digits.sdk.android:digits:1.4.0] AndroidManifest.xml:43:13-66
activity#com.digits.sdk.android.ContactsActivity
ADDED from [com.digits.sdk.android:digits:1.4.0] AndroidManifest.xml:48:9-52:40
	android:excludeFromRecents
		ADDED from [com.digits.sdk.android:digits:1.4.0] AndroidManifest.xml:51:13-46
	android:exported
		ADDED from [com.digits.sdk.android:digits:1.4.0] AndroidManifest.xml:52:13-37
	android:configChanges
		ADDED from [com.digits.sdk.android:digits:1.4.0] AndroidManifest.xml:50:13-59
	android:name
		ADDED from [com.digits.sdk.android:digits:1.4.0] AndroidManifest.xml:49:13-67
activity#com.digits.sdk.android.PhoneNumberActionBarActivity
ADDED from [com.digits.sdk.android:digits:1.4.0] AndroidManifest.xml:53:9-59:58
	android:excludeFromRecents
		ADDED from [com.digits.sdk.android:digits:1.4.0] AndroidManifest.xml:56:13-46
	android:windowSoftInputMode
		ADDED from [com.digits.sdk.android:digits:1.4.0] AndroidManifest.xml:59:13-55
	android:exported
		ADDED from [com.digits.sdk.android:digits:1.4.0] AndroidManifest.xml:57:13-37
	android:configChanges
		ADDED from [com.digits.sdk.android:digits:1.4.0] AndroidManifest.xml:55:13-59
	android:taskAffinity
		ADDED from [com.digits.sdk.android:digits:1.4.0] AndroidManifest.xml:58:13-58
	android:name
		ADDED from [com.digits.sdk.android:digits:1.4.0] AndroidManifest.xml:54:13-79
activity#com.digits.sdk.android.ConfirmationCodeActionBarActivity
ADDED from [com.digits.sdk.android:digits:1.4.0] AndroidManifest.xml:60:9-66:58
	android:excludeFromRecents
		ADDED from [com.digits.sdk.android:digits:1.4.0] AndroidManifest.xml:63:13-46
	android:windowSoftInputMode
		ADDED from [com.digits.sdk.android:digits:1.4.0] AndroidManifest.xml:66:13-55
	android:exported
		ADDED from [com.digits.sdk.android:digits:1.4.0] AndroidManifest.xml:64:13-37
	android:configChanges
		ADDED from [com.digits.sdk.android:digits:1.4.0] AndroidManifest.xml:62:13-59
	android:taskAffinity
		ADDED from [com.digits.sdk.android:digits:1.4.0] AndroidManifest.xml:65:13-58
	android:name
		ADDED from [com.digits.sdk.android:digits:1.4.0] AndroidManifest.xml:61:13-84
activity#com.digits.sdk.android.LoginCodeActionBarActivity
ADDED from [com.digits.sdk.android:digits:1.4.0] AndroidManifest.xml:67:9-74:58
	android:excludeFromRecents
		ADDED from [com.digits.sdk.android:digits:1.4.0] AndroidManifest.xml:70:13-46
	android:launchMode
		ADDED from [com.digits.sdk.android:digits:1.4.0] AndroidManifest.xml:72:13-43
	android:windowSoftInputMode
		ADDED from [com.digits.sdk.android:digits:1.4.0] AndroidManifest.xml:74:13-55
	android:exported
		ADDED from [com.digits.sdk.android:digits:1.4.0] AndroidManifest.xml:71:13-37
	android:configChanges
		ADDED from [com.digits.sdk.android:digits:1.4.0] AndroidManifest.xml:69:13-59
	android:taskAffinity
		ADDED from [com.digits.sdk.android:digits:1.4.0] AndroidManifest.xml:73:13-58
	android:name
		ADDED from [com.digits.sdk.android:digits:1.4.0] AndroidManifest.xml:68:13-77
activity#com.digits.sdk.android.FailureActionBarActivity
ADDED from [com.digits.sdk.android:digits:1.4.0] AndroidManifest.xml:75:9-80:61
	android:excludeFromRecents
		ADDED from [com.digits.sdk.android:digits:1.4.0] AndroidManifest.xml:78:13-46
	android:exported
		ADDED from [com.digits.sdk.android:digits:1.4.0] AndroidManifest.xml:79:13-37
	android:configChanges
		ADDED from [com.digits.sdk.android:digits:1.4.0] AndroidManifest.xml:77:13-59
	android:taskAffinity
		ADDED from [com.digits.sdk.android:digits:1.4.0] AndroidManifest.xml:80:13-58
	android:name
		ADDED from [com.digits.sdk.android:digits:1.4.0] AndroidManifest.xml:76:13-75
activity#com.digits.sdk.android.ContactsActionBarActivity
ADDED from [com.digits.sdk.android:digits:1.4.0] AndroidManifest.xml:81:9-85:40
	android:excludeFromRecents
		ADDED from [com.digits.sdk.android:digits:1.4.0] AndroidManifest.xml:84:13-46
	android:exported
		ADDED from [com.digits.sdk.android:digits:1.4.0] AndroidManifest.xml:85:13-37
	android:configChanges
		ADDED from [com.digits.sdk.android:digits:1.4.0] AndroidManifest.xml:83:13-59
	android:name
		ADDED from [com.digits.sdk.android:digits:1.4.0] AndroidManifest.xml:82:13-76
activity#com.digits.sdk.android.PinCodeActionBarActivity
ADDED from [com.digits.sdk.android:digits:1.4.0] AndroidManifest.xml:86:9-93:58
	android:excludeFromRecents
		ADDED from [com.digits.sdk.android:digits:1.4.0] AndroidManifest.xml:89:13-46
	android:launchMode
		ADDED from [com.digits.sdk.android:digits:1.4.0] AndroidManifest.xml:91:13-43
	android:windowSoftInputMode
		ADDED from [com.digits.sdk.android:digits:1.4.0] AndroidManifest.xml:93:13-55
	android:exported
		ADDED from [com.digits.sdk.android:digits:1.4.0] AndroidManifest.xml:90:13-37
	android:configChanges
		ADDED from [com.digits.sdk.android:digits:1.4.0] AndroidManifest.xml:88:13-59
	android:taskAffinity
		ADDED from [com.digits.sdk.android:digits:1.4.0] AndroidManifest.xml:92:13-58
	android:name
		ADDED from [com.digits.sdk.android:digits:1.4.0] AndroidManifest.xml:87:13-75
service#com.digits.sdk.android.ContactsUploadService
ADDED from [com.digits.sdk.android:digits:1.4.0] AndroidManifest.xml:95:9-98:40
	android:enabled
		ADDED from [com.digits.sdk.android:digits:1.4.0] AndroidManifest.xml:97:13-35
	android:exported
		ADDED from [com.digits.sdk.android:digits:1.4.0] AndroidManifest.xml:98:13-37
	android:name
		ADDED from [com.digits.sdk.android:digits:1.4.0] AndroidManifest.xml:96:13-72
activity#com.twitter.sdk.android.core.identity.OAuthActivity
ADDED from [com.twitter.sdk.android:twitter-core:1.3.2] AndroidManifest.xml:12:9-16:40
	android:excludeFromRecents
		ADDED from [com.twitter.sdk.android:twitter-core:1.3.2] AndroidManifest.xml:15:13-46
	android:exported
		ADDED from [com.twitter.sdk.android:twitter-core:1.3.2] AndroidManifest.xml:16:13-37
	android:configChanges
		ADDED from [com.twitter.sdk.android:twitter-core:1.3.2] AndroidManifest.xml:14:13-59
	android:name
		ADDED from [com.twitter.sdk.android:twitter-core:1.3.2] AndroidManifest.xml:13:13-79
activity#com.twitter.sdk.android.core.identity.ShareEmailActivity
ADDED from [com.twitter.sdk.android:twitter-core:1.3.2] AndroidManifest.xml:17:9-23:48
	android:label
		ADDED from [com.twitter.sdk.android:twitter-core:1.3.2] AndroidManifest.xml:23:13-45
	android:excludeFromRecents
		ADDED from [com.twitter.sdk.android:twitter-core:1.3.2] AndroidManifest.xml:20:13-46
	android:exported
		ADDED from [com.twitter.sdk.android:twitter-core:1.3.2] AndroidManifest.xml:21:13-37
	android:configChanges
		ADDED from [com.twitter.sdk.android:twitter-core:1.3.2] AndroidManifest.xml:19:13-59
	android:icon
		ADDED from [com.twitter.sdk.android:twitter-core:1.3.2] AndroidManifest.xml:22:13-53
	android:name
		ADDED from [com.twitter.sdk.android:twitter-core:1.3.2] AndroidManifest.xml:18:13-84